{"/media/sheep94lion/B04C-4357/test/test.js":{"path":"/media/sheep94lion/B04C-4357/test/test.js","s":{"1":1,"2":1,"3":1,"4":1,"5":1,"6":0,"7":0,"8":0,"9":1,"10":1,"11":1,"12":1,"13":1,"14":100,"15":10000,"16":10000,"17":1,"18":1,"19":1,"20":1,"21":1,"22":1,"23":1,"24":1,"25":1,"26":1,"27":1,"28":1,"29":1,"30":1,"31":1,"32":1,"33":1,"34":1,"35":100,"36":10000,"37":10000,"38":5053,"39":4947,"40":0,"41":1,"42":1,"43":1,"44":1,"45":0,"46":1,"47":1,"48":1,"49":1,"50":1,"51":1,"52":1,"53":1,"54":1,"55":1,"56":1,"57":1,"58":1,"59":1,"60":1,"61":1,"62":1,"63":1,"64":1,"65":5,"66":25,"67":1,"68":1,"69":1,"70":1,"71":1,"72":1,"73":1,"74":1,"75":1,"76":1,"77":1,"78":1,"79":1,"80":1,"81":1,"82":1,"83":1,"84":1,"85":1,"86":1,"87":1,"88":1,"89":1,"90":1,"91":1,"92":1,"93":1,"94":1,"95":1,"96":1,"97":1,"98":1,"99":1,"100":1,"101":1,"102":1,"103":1,"104":1,"105":1,"106":1,"107":1,"108":1,"109":1,"110":1,"111":1},"b":{"1":[0,0],"2":[0,0,0,0],"3":[5053,4947],"4":[0,4947],"5":[1,0],"6":[1,1]},"f":{"1":0,"2":1,"3":1,"4":1,"5":1,"6":1,"7":1,"8":1,"9":1,"10":1,"11":1,"12":1,"13":1,"14":1},"fnMap":{"1":{"name":"shouldconsider","line":6,"loc":{"start":{"line":6,"column":0},"end":{"line":6,"column":30}}},"2":{"name":"(anonymous_2)","line":12,"loc":{"start":{"line":12,"column":25},"end":{"line":12,"column":35}}},"3":{"name":"(anonymous_3)","line":13,"loc":{"start":{"line":13,"column":29},"end":{"line":13,"column":39}}},"4":{"name":"(anonymous_4)","line":14,"loc":{"start":{"line":14,"column":45},"end":{"line":14,"column":55}}},"5":{"name":"(anonymous_5)","line":25,"loc":{"start":{"line":25,"column":36},"end":{"line":25,"column":46}}},"6":{"name":"(anonymous_6)","line":26,"loc":{"start":{"line":26,"column":75},"end":{"line":26,"column":85}}},"7":{"name":"(anonymous_7)","line":39,"loc":{"start":{"line":39,"column":34},"end":{"line":39,"column":44}}},"8":{"name":"(anonymous_8)","line":40,"loc":{"start":{"line":40,"column":71},"end":{"line":40,"column":81}}},"9":{"name":"(anonymous_9)","line":67,"loc":{"start":{"line":67,"column":38},"end":{"line":67,"column":48}}},"10":{"name":"(anonymous_10)","line":68,"loc":{"start":{"line":68,"column":116},"end":{"line":68,"column":126}}},"11":{"name":"(anonymous_11)","line":84,"loc":{"start":{"line":84,"column":42},"end":{"line":84,"column":52}}},"12":{"name":"(anonymous_12)","line":85,"loc":{"start":{"line":85,"column":68},"end":{"line":85,"column":78}}},"13":{"name":"(anonymous_13)","line":107,"loc":{"start":{"line":107,"column":36},"end":{"line":107,"column":46}}},"14":{"name":"(anonymous_14)","line":108,"loc":{"start":{"line":108,"column":41},"end":{"line":108,"column":51}}}},"statementMap":{"1":{"start":{"line":1,"column":0},"end":{"line":1,"column":27}},"2":{"start":{"line":2,"column":0},"end":{"line":2,"column":36}},"3":{"start":{"line":3,"column":0},"end":{"line":3,"column":31}},"4":{"start":{"line":4,"column":0},"end":{"line":4,"column":34}},"5":{"start":{"line":6,"column":0},"end":{"line":10,"column":1}},"6":{"start":{"line":7,"column":4},"end":{"line":8,"column":18}},"7":{"start":{"line":8,"column":5},"end":{"line":8,"column":18}},"8":{"start":{"line":9,"column":4},"end":{"line":9,"column":16}},"9":{"start":{"line":12,"column":0},"end":{"line":150,"column":3}},"10":{"start":{"line":13,"column":1},"end":{"line":23,"column":4}},"11":{"start":{"line":14,"column":2},"end":{"line":22,"column":5}},"12":{"start":{"line":15,"column":3},"end":{"line":15,"column":24}},"13":{"start":{"line":16,"column":3},"end":{"line":21,"column":4}},"14":{"start":{"line":17,"column":4},"end":{"line":20,"column":5}},"15":{"start":{"line":18,"column":5},"end":{"line":18,"column":38}},"16":{"start":{"line":19,"column":5},"end":{"line":19,"column":33}},"17":{"start":{"line":25,"column":4},"end":{"line":37,"column":7}},"18":{"start":{"line":26,"column":5},"end":{"line":36,"column":8}},"19":{"start":{"line":27,"column":6},"end":{"line":27,"column":32}},"20":{"start":{"line":28,"column":6},"end":{"line":28,"column":32}},"21":{"start":{"line":29,"column":6},"end":{"line":29,"column":33}},"22":{"start":{"line":30,"column":6},"end":{"line":30,"column":33}},"23":{"start":{"line":31,"column":6},"end":{"line":31,"column":33}},"24":{"start":{"line":32,"column":6},"end":{"line":32,"column":33}},"25":{"start":{"line":33,"column":6},"end":{"line":33,"column":49}},"26":{"start":{"line":34,"column":6},"end":{"line":34,"column":49}},"27":{"start":{"line":35,"column":6},"end":{"line":35,"column":48}},"28":{"start":{"line":39,"column":4},"end":{"line":65,"column":7}},"29":{"start":{"line":40,"column":5},"end":{"line":64,"column":8}},"30":{"start":{"line":41,"column":3},"end":{"line":41,"column":24}},"31":{"start":{"line":42,"column":3},"end":{"line":42,"column":72}},"32":{"start":{"line":43,"column":6},"end":{"line":43,"column":24}},"33":{"start":{"line":44,"column":6},"end":{"line":44,"column":51}},"34":{"start":{"line":45,"column":6},"end":{"line":55,"column":4}},"35":{"start":{"line":46,"column":4},"end":{"line":54,"column":5}},"36":{"start":{"line":47,"column":5},"end":{"line":47,"column":38}},"37":{"start":{"line":48,"column":5},"end":{"line":53,"column":6}},"38":{"start":{"line":49,"column":21},"end":{"line":49,"column":33}},"39":{"start":{"line":51,"column":10},"end":{"line":53,"column":6}},"40":{"start":{"line":52,"column":21},"end":{"line":52,"column":30}},"41":{"start":{"line":56,"column":3},"end":{"line":56,"column":41}},"42":{"start":{"line":57,"column":3},"end":{"line":57,"column":19}},"43":{"start":{"line":58,"column":3},"end":{"line":61,"column":17}},"44":{"start":{"line":59,"column":4},"end":{"line":59,"column":16}},"45":{"start":{"line":61,"column":4},"end":{"line":61,"column":17}},"46":{"start":{"line":62,"column":3},"end":{"line":62,"column":31}},"47":{"start":{"line":67,"column":4},"end":{"line":82,"column":7}},"48":{"start":{"line":68,"column":5},"end":{"line":81,"column":8}},"49":{"start":{"line":69,"column":3},"end":{"line":69,"column":63}},"50":{"start":{"line":70,"column":6},"end":{"line":70,"column":67}},"51":{"start":{"line":71,"column":6},"end":{"line":71,"column":66}},"52":{"start":{"line":72,"column":6},"end":{"line":72,"column":80}},"53":{"start":{"line":73,"column":6},"end":{"line":73,"column":77}},"54":{"start":{"line":74,"column":6},"end":{"line":74,"column":92}},"55":{"start":{"line":75,"column":6},"end":{"line":75,"column":32}},"56":{"start":{"line":76,"column":6},"end":{"line":76,"column":32}},"57":{"start":{"line":77,"column":6},"end":{"line":77,"column":33}},"58":{"start":{"line":78,"column":3},"end":{"line":78,"column":64}},"59":{"start":{"line":79,"column":3},"end":{"line":79,"column":64}},"60":{"start":{"line":80,"column":3},"end":{"line":80,"column":64}},"61":{"start":{"line":84,"column":4},"end":{"line":105,"column":7}},"62":{"start":{"line":85,"column":5},"end":{"line":104,"column":8}},"63":{"start":{"line":86,"column":3},"end":{"line":86,"column":24}},"64":{"start":{"line":87,"column":6},"end":{"line":89,"column":29}},"65":{"start":{"line":88,"column":4},"end":{"line":89,"column":29}},"66":{"start":{"line":89,"column":5},"end":{"line":89,"column":29}},"67":{"start":{"line":90,"column":3},"end":{"line":90,"column":66}},"68":{"start":{"line":91,"column":3},"end":{"line":91,"column":66}},"69":{"start":{"line":92,"column":3},"end":{"line":92,"column":66}},"70":{"start":{"line":93,"column":3},"end":{"line":93,"column":66}},"71":{"start":{"line":94,"column":3},"end":{"line":94,"column":66}},"72":{"start":{"line":95,"column":3},"end":{"line":95,"column":66}},"73":{"start":{"line":96,"column":3},"end":{"line":96,"column":66}},"74":{"start":{"line":97,"column":3},"end":{"line":97,"column":66}},"75":{"start":{"line":98,"column":3},"end":{"line":98,"column":66}},"76":{"start":{"line":99,"column":3},"end":{"line":99,"column":66}},"77":{"start":{"line":100,"column":3},"end":{"line":100,"column":67}},"78":{"start":{"line":101,"column":3},"end":{"line":101,"column":67}},"79":{"start":{"line":102,"column":3},"end":{"line":102,"column":81}},"80":{"start":{"line":103,"column":3},"end":{"line":103,"column":78}},"81":{"start":{"line":107,"column":1},"end":{"line":149,"column":4}},"82":{"start":{"line":108,"column":2},"end":{"line":148,"column":5}},"83":{"start":{"line":109,"column":3},"end":{"line":109,"column":24}},"84":{"start":{"line":110,"column":3},"end":{"line":110,"column":27}},"85":{"start":{"line":111,"column":3},"end":{"line":111,"column":27}},"86":{"start":{"line":112,"column":3},"end":{"line":112,"column":27}},"87":{"start":{"line":113,"column":3},"end":{"line":113,"column":27}},"88":{"start":{"line":115,"column":3},"end":{"line":115,"column":27}},"89":{"start":{"line":116,"column":3},"end":{"line":116,"column":27}},"90":{"start":{"line":117,"column":3},"end":{"line":117,"column":27}},"91":{"start":{"line":118,"column":3},"end":{"line":118,"column":27}},"92":{"start":{"line":120,"column":3},"end":{"line":120,"column":28}},"93":{"start":{"line":121,"column":3},"end":{"line":121,"column":28}},"94":{"start":{"line":122,"column":3},"end":{"line":122,"column":28}},"95":{"start":{"line":124,"column":3},"end":{"line":124,"column":28}},"96":{"start":{"line":125,"column":3},"end":{"line":125,"column":28}},"97":{"start":{"line":126,"column":3},"end":{"line":126,"column":28}},"98":{"start":{"line":127,"column":3},"end":{"line":127,"column":28}},"99":{"start":{"line":128,"column":3},"end":{"line":128,"column":28}},"100":{"start":{"line":130,"column":3},"end":{"line":130,"column":28}},"101":{"start":{"line":131,"column":3},"end":{"line":131,"column":28}},"102":{"start":{"line":132,"column":3},"end":{"line":132,"column":28}},"103":{"start":{"line":133,"column":3},"end":{"line":133,"column":28}},"104":{"start":{"line":134,"column":3},"end":{"line":134,"column":28}},"105":{"start":{"line":136,"column":3},"end":{"line":136,"column":41}},"106":{"start":{"line":138,"column":6},"end":{"line":138,"column":46}},"107":{"start":{"line":139,"column":6},"end":{"line":139,"column":46}},"108":{"start":{"line":141,"column":6},"end":{"line":141,"column":46}},"109":{"start":{"line":143,"column":6},"end":{"line":143,"column":47}},"110":{"start":{"line":145,"column":3},"end":{"line":145,"column":44}},"111":{"start":{"line":147,"column":3},"end":{"line":147,"column":44}}},"branchMap":{"1":{"line":7,"type":"if","locations":[{"start":{"line":7,"column":4},"end":{"line":7,"column":4}},{"start":{"line":7,"column":4},"end":{"line":7,"column":4}}]},"2":{"line":7,"type":"binary-expr","locations":[{"start":{"line":7,"column":8},"end":{"line":7,"column":13}},{"start":{"line":7,"column":17},"end":{"line":7,"column":21}},{"start":{"line":7,"column":25},"end":{"line":7,"column":45}},{"start":{"line":7,"column":49},"end":{"line":7,"column":66}}]},"3":{"line":48,"type":"if","locations":[{"start":{"line":48,"column":5},"end":{"line":48,"column":5}},{"start":{"line":48,"column":5},"end":{"line":48,"column":5}}]},"4":{"line":51,"type":"if","locations":[{"start":{"line":51,"column":10},"end":{"line":51,"column":10}},{"start":{"line":51,"column":10},"end":{"line":51,"column":10}}]},"5":{"line":58,"type":"if","locations":[{"start":{"line":58,"column":3},"end":{"line":58,"column":3}},{"start":{"line":58,"column":3},"end":{"line":58,"column":3}}]},"6":{"line":58,"type":"binary-expr","locations":[{"start":{"line":58,"column":7},"end":{"line":58,"column":52}},{"start":{"line":58,"column":56},"end":{"line":58,"column":101}}]}}},"/media/sheep94lion/B04C-4357/test/main.js":{"path":"/media/sheep94lion/B04C-4357/test/main.js","s":{"1":1,"2":1,"3":1,"4":1,"5":1,"6":1,"7":1,"8":1,"9":1,"10":4,"11":400,"12":400,"13":40000,"14":1,"15":3,"16":1,"17":1,"18":2,"19":2,"20":1,"21":0,"22":0,"23":0,"24":0,"25":0,"26":0,"27":0,"28":0,"29":0,"30":0,"31":0,"32":0,"33":1,"34":1,"35":100,"36":10000,"37":10000,"38":5053,"39":1,"40":100109,"41":619,"42":99490,"43":608,"44":98882,"45":1,"46":98881,"47":1,"48":10014,"49":10014,"50":4,"51":10010,"52":50050,"53":10010,"54":50050,"55":10010,"56":10010,"57":1,"58":1,"59":1,"60":1,"61":100,"62":100,"63":10000,"64":0,"65":0,"66":10000,"67":10000,"68":15,"69":9985,"70":5,"71":9980,"72":1,"73":100,"74":10000,"75":1,"76":1,"77":1,"78":1,"79":1,"80":1,"81":1,"82":1,"83":1,"84":1,"85":1},"b":{"1":[1,2],"2":[0,0],"3":[10000,0],"4":[5053,4947],"5":[619,99490],"6":[100109,99792],"7":[608,98882],"8":[99490,99183],"9":[1,98881],"10":[4,10010],"11":[10014,10013,10012,10011],"12":[0,10000],"13":[15,9985],"14":[5,9980]},"f":{"1":4,"2":3,"3":0,"4":0,"5":1,"6":100109,"7":10014,"8":1},"fnMap":{"1":{"name":"init_map","line":21,"loc":{"start":{"line":21,"column":0},"end":{"line":21,"column":20}}},"2":{"name":"set_wall","line":30,"loc":{"start":{"line":30,"column":0},"end":{"line":30,"column":24}}},"3":{"name":"bind_click","line":40,"loc":{"start":{"line":40,"column":0},"end":{"line":40,"column":22}}},"4":{"name":"(anonymous_4)","line":43,"loc":{"start":{"line":43,"column":15},"end":{"line":43,"column":29}}},"5":{"name":"randomData","line":63,"loc":{"start":{"line":63,"column":0},"end":{"line":63,"column":31}}},"6":{"name":"getRoot","line":75,"loc":{"start":{"line":75,"column":0},"end":{"line":75,"column":26}}},"7":{"name":"countBeside","line":88,"loc":{"start":{"line":88,"column":0},"end":{"line":88,"column":30}}},"8":{"name":"updateMatrix","line":102,"loc":{"start":{"line":102,"column":0},"end":{"line":102,"column":25}}}},"statementMap":{"1":{"start":{"line":3,"column":0},"end":{"line":3,"column":17}},"2":{"start":{"line":4,"column":0},"end":{"line":4,"column":14}},"3":{"start":{"line":7,"column":0},"end":{"line":7,"column":19}},"4":{"start":{"line":8,"column":0},"end":{"line":8,"column":20}},"5":{"start":{"line":11,"column":0},"end":{"line":11,"column":22}},"6":{"start":{"line":14,"column":0},"end":{"line":14,"column":32}},"7":{"start":{"line":17,"column":0},"end":{"line":17,"column":23}},"8":{"start":{"line":20,"column":0},"end":{"line":20,"column":17}},"9":{"start":{"line":21,"column":0},"end":{"line":27,"column":1}},"10":{"start":{"line":22,"column":4},"end":{"line":26,"column":5}},"11":{"start":{"line":23,"column":8},"end":{"line":23,"column":35}},"12":{"start":{"line":24,"column":8},"end":{"line":25,"column":26}},"13":{"start":{"line":25,"column":12},"end":{"line":25,"column":26}},"14":{"start":{"line":30,"column":0},"end":{"line":39,"column":1}},"15":{"start":{"line":31,"column":4},"end":{"line":38,"column":5}},"16":{"start":{"line":32,"column":8},"end":{"line":32,"column":22}},"17":{"start":{"line":33,"column":8},"end":{"line":33,"column":21}},"18":{"start":{"line":36,"column":8},"end":{"line":36,"column":23}},"19":{"start":{"line":37,"column":8},"end":{"line":37,"column":20}},"20":{"start":{"line":40,"column":0},"end":{"line":60,"column":1}},"21":{"start":{"line":41,"column":4},"end":{"line":41,"column":25}},"22":{"start":{"line":42,"column":4},"end":{"line":42,"column":43}},"23":{"start":{"line":43,"column":4},"end":{"line":59,"column":7}},"24":{"start":{"line":46,"column":8},"end":{"line":46,"column":27}},"25":{"start":{"line":47,"column":8},"end":{"line":47,"column":27}},"26":{"start":{"line":49,"column":8},"end":{"line":49,"column":42}},"27":{"start":{"line":50,"column":8},"end":{"line":50,"column":41}},"28":{"start":{"line":51,"column":8},"end":{"line":58,"column":9}},"29":{"start":{"line":52,"column":12},"end":{"line":52,"column":41}},"30":{"start":{"line":53,"column":12},"end":{"line":53,"column":103}},"31":{"start":{"line":56,"column":12},"end":{"line":56,"column":38}},"32":{"start":{"line":57,"column":12},"end":{"line":57,"column":103}},"33":{"start":{"line":63,"column":0},"end":{"line":73,"column":1}},"34":{"start":{"line":64,"column":4},"end":{"line":72,"column":5}},"35":{"start":{"line":65,"column":8},"end":{"line":71,"column":9}},"36":{"start":{"line":66,"column":12},"end":{"line":70,"column":13}},"37":{"start":{"line":67,"column":16},"end":{"line":69,"column":17}},"38":{"start":{"line":68,"column":20},"end":{"line":68,"column":34}},"39":{"start":{"line":75,"column":0},"end":{"line":86,"column":1}},"40":{"start":{"line":76,"column":4},"end":{"line":78,"column":5}},"41":{"start":{"line":77,"column":8},"end":{"line":77,"column":17}},"42":{"start":{"line":79,"column":4},"end":{"line":81,"column":5}},"43":{"start":{"line":80,"column":8},"end":{"line":80,"column":17}},"44":{"start":{"line":82,"column":4},"end":{"line":84,"column":5}},"45":{"start":{"line":83,"column":8},"end":{"line":83,"column":17}},"46":{"start":{"line":85,"column":4},"end":{"line":85,"column":19}},"47":{"start":{"line":88,"column":0},"end":{"line":100,"column":1}},"48":{"start":{"line":89,"column":4},"end":{"line":89,"column":19}},"49":{"start":{"line":90,"column":1},"end":{"line":91,"column":11}},"50":{"start":{"line":91,"column":2},"end":{"line":91,"column":11}},"51":{"start":{"line":92,"column":4},"end":{"line":94,"column":5}},"52":{"start":{"line":93,"column":8},"end":{"line":93,"column":53}},"53":{"start":{"line":95,"column":4},"end":{"line":97,"column":5}},"54":{"start":{"line":96,"column":8},"end":{"line":96,"column":53}},"55":{"start":{"line":98,"column":4},"end":{"line":98,"column":40}},"56":{"start":{"line":99,"column":4},"end":{"line":99,"column":18}},"57":{"start":{"line":102,"column":0},"end":{"line":129,"column":1}},"58":{"start":{"line":103,"column":4},"end":{"line":103,"column":20}},"59":{"start":{"line":104,"column":4},"end":{"line":104,"column":12}},"60":{"start":{"line":105,"column":4},"end":{"line":123,"column":5}},"61":{"start":{"line":106,"column":8},"end":{"line":106,"column":27}},"62":{"start":{"line":107,"column":8},"end":{"line":122,"column":9}},"63":{"start":{"line":108,"column":12},"end":{"line":111,"column":13}},"64":{"start":{"line":109,"column":16},"end":{"line":109,"column":29}},"65":{"start":{"line":110,"column":16},"end":{"line":110,"column":25}},"66":{"start":{"line":112,"column":12},"end":{"line":112,"column":39}},"67":{"start":{"line":113,"column":12},"end":{"line":121,"column":13}},"68":{"start":{"line":114,"column":16},"end":{"line":114,"column":34}},"69":{"start":{"line":116,"column":17},"end":{"line":121,"column":13}},"70":{"start":{"line":117,"column":16},"end":{"line":117,"column":28}},"71":{"start":{"line":120,"column":16},"end":{"line":120,"column":28}},"72":{"start":{"line":124,"column":4},"end":{"line":128,"column":5}},"73":{"start":{"line":125,"column":8},"end":{"line":127,"column":9}},"74":{"start":{"line":126,"column":12},"end":{"line":126,"column":30}},"75":{"start":{"line":131,"column":0},"end":{"line":131,"column":31}},"76":{"start":{"line":132,"column":0},"end":{"line":132,"column":25}},"77":{"start":{"line":133,"column":0},"end":{"line":133,"column":25}},"78":{"start":{"line":134,"column":0},"end":{"line":134,"column":43}},"79":{"start":{"line":135,"column":0},"end":{"line":135,"column":61}},"80":{"start":{"line":137,"column":0},"end":{"line":137,"column":35}},"81":{"start":{"line":138,"column":0},"end":{"line":138,"column":35}},"82":{"start":{"line":139,"column":0},"end":{"line":139,"column":39}},"83":{"start":{"line":140,"column":0},"end":{"line":140,"column":33}},"84":{"start":{"line":141,"column":0},"end":{"line":141,"column":41}},"85":{"start":{"line":142,"column":0},"end":{"line":142,"column":43}}},"branchMap":{"1":{"line":31,"type":"if","locations":[{"start":{"line":31,"column":4},"end":{"line":31,"column":4}},{"start":{"line":31,"column":4},"end":{"line":31,"column":4}}]},"2":{"line":51,"type":"if","locations":[{"start":{"line":51,"column":8},"end":{"line":51,"column":8}},{"start":{"line":51,"column":8},"end":{"line":51,"column":8}}]},"3":{"line":66,"type":"if","locations":[{"start":{"line":66,"column":12},"end":{"line":66,"column":12}},{"start":{"line":66,"column":12},"end":{"line":66,"column":12}}]},"4":{"line":67,"type":"if","locations":[{"start":{"line":67,"column":16},"end":{"line":67,"column":16}},{"start":{"line":67,"column":16},"end":{"line":67,"column":16}}]},"5":{"line":76,"type":"if","locations":[{"start":{"line":76,"column":4},"end":{"line":76,"column":4}},{"start":{"line":76,"column":4},"end":{"line":76,"column":4}}]},"6":{"line":76,"type":"binary-expr","locations":[{"start":{"line":76,"column":9},"end":{"line":76,"column":16}},{"start":{"line":76,"column":22},"end":{"line":76,"column":33}}]},"7":{"line":79,"type":"if","locations":[{"start":{"line":79,"column":4},"end":{"line":79,"column":4}},{"start":{"line":79,"column":4},"end":{"line":79,"column":4}}]},"8":{"line":79,"type":"binary-expr","locations":[{"start":{"line":79,"column":9},"end":{"line":79,"column":16}},{"start":{"line":79,"column":22},"end":{"line":79,"column":30}}]},"9":{"line":82,"type":"if","locations":[{"start":{"line":82,"column":4},"end":{"line":82,"column":4}},{"start":{"line":82,"column":4},"end":{"line":82,"column":4}}]},"10":{"line":90,"type":"if","locations":[{"start":{"line":90,"column":1},"end":{"line":90,"column":1}},{"start":{"line":90,"column":1},"end":{"line":90,"column":1}}]},"11":{"line":90,"type":"binary-expr","locations":[{"start":{"line":90,"column":5},"end":{"line":90,"column":10}},{"start":{"line":90,"column":14},"end":{"line":90,"column":18}},{"start":{"line":90,"column":22},"end":{"line":90,"column":33}},{"start":{"line":90,"column":37},"end":{"line":90,"column":45}}]},"12":{"line":108,"type":"if","locations":[{"start":{"line":108,"column":12},"end":{"line":108,"column":12}},{"start":{"line":108,"column":12},"end":{"line":108,"column":12}}]},"13":{"line":113,"type":"if","locations":[{"start":{"line":113,"column":12},"end":{"line":113,"column":12}},{"start":{"line":113,"column":12},"end":{"line":113,"column":12}}]},"14":{"line":116,"type":"if","locations":[{"start":{"line":116,"column":17},"end":{"line":116,"column":17}},{"start":{"line":116,"column":17},"end":{"line":116,"column":17}}]}}}}