TN:
SF:/media/sheep94lion/B04C-4357/test/test.js
FN:6,shouldconsider
FN:12,(anonymous_2)
FN:13,(anonymous_3)
FN:14,(anonymous_4)
FN:25,(anonymous_5)
FN:26,(anonymous_6)
FN:39,(anonymous_7)
FN:40,(anonymous_8)
FN:67,(anonymous_9)
FN:68,(anonymous_10)
FN:84,(anonymous_11)
FN:85,(anonymous_12)
FN:107,(anonymous_13)
FN:108,(anonymous_14)
FNF:14
FNH:13
FNDA:0,shouldconsider
FNDA:1,(anonymous_2)
FNDA:1,(anonymous_3)
FNDA:1,(anonymous_4)
FNDA:1,(anonymous_5)
FNDA:1,(anonymous_6)
FNDA:1,(anonymous_7)
FNDA:1,(anonymous_8)
FNDA:1,(anonymous_9)
FNDA:1,(anonymous_10)
FNDA:1,(anonymous_11)
FNDA:1,(anonymous_12)
FNDA:1,(anonymous_13)
FNDA:1,(anonymous_14)
DA:1,1
DA:2,1
DA:3,1
DA:4,1
DA:6,1
DA:7,0
DA:8,0
DA:9,0
DA:12,1
DA:13,1
DA:14,1
DA:15,1
DA:16,1
DA:17,100
DA:18,10000
DA:19,10000
DA:25,1
DA:26,1
DA:27,1
DA:28,1
DA:29,1
DA:30,1
DA:31,1
DA:32,1
DA:33,1
DA:34,1
DA:35,1
DA:39,1
DA:40,1
DA:41,1
DA:42,1
DA:43,1
DA:44,1
DA:45,1
DA:46,100
DA:47,10000
DA:48,10000
DA:49,5053
DA:51,4947
DA:52,0
DA:56,1
DA:57,1
DA:58,1
DA:59,1
DA:61,0
DA:62,1
DA:67,1
DA:68,1
DA:69,1
DA:70,1
DA:71,1
DA:72,1
DA:73,1
DA:74,1
DA:75,1
DA:76,1
DA:77,1
DA:78,1
DA:79,1
DA:80,1
DA:84,1
DA:85,1
DA:86,1
DA:87,1
DA:88,5
DA:89,25
DA:90,1
DA:91,1
DA:92,1
DA:93,1
DA:94,1
DA:95,1
DA:96,1
DA:97,1
DA:98,1
DA:99,1
DA:100,1
DA:101,1
DA:102,1
DA:103,1
DA:107,1
DA:108,1
DA:109,1
DA:110,1
DA:111,1
DA:112,1
DA:113,1
DA:115,1
DA:116,1
DA:117,1
DA:118,1
DA:120,1
DA:121,1
DA:122,1
DA:124,1
DA:125,1
DA:126,1
DA:127,1
DA:128,1
DA:130,1
DA:131,1
DA:132,1
DA:133,1
DA:134,1
DA:136,1
DA:138,1
DA:139,1
DA:141,1
DA:143,1
DA:145,1
DA:147,1
LF:111
LH:106
BRDA:7,1,0,0
BRDA:7,1,1,0
BRDA:7,2,0,0
BRDA:7,2,1,0
BRDA:7,2,2,0
BRDA:7,2,3,0
BRDA:48,3,0,5053
BRDA:48,3,1,4947
BRDA:51,4,0,0
BRDA:51,4,1,4947
BRDA:58,5,0,1
BRDA:58,5,1,0
BRDA:58,6,0,1
BRDA:58,6,1,1
BRF:14
BRH:6
end_of_record
TN:
SF:/media/sheep94lion/B04C-4357/test/main.js
FN:21,init_map
FN:30,set_wall
FN:40,bind_click
FN:43,(anonymous_4)
FN:63,randomData
FN:75,getRoot
FN:88,countBeside
FN:102,updateMatrix
FNF:8
FNH:6
FNDA:4,init_map
FNDA:3,set_wall
FNDA:0,bind_click
FNDA:0,(anonymous_4)
FNDA:1,randomData
FNDA:100109,getRoot
FNDA:10014,countBeside
FNDA:1,updateMatrix
DA:3,1
DA:4,1
DA:7,1
DA:8,1
DA:11,1
DA:14,1
DA:17,1
DA:20,1
DA:21,1
DA:22,4
DA:23,400
DA:24,400
DA:25,40000
DA:30,1
DA:31,3
DA:32,1
DA:33,1
DA:36,2
DA:37,2
DA:40,1
DA:41,0
DA:42,0
DA:43,0
DA:46,0
DA:47,0
DA:49,0
DA:50,0
DA:51,0
DA:52,0
DA:53,0
DA:56,0
DA:57,0
DA:63,1
DA:64,1
DA:65,100
DA:66,10000
DA:67,10000
DA:68,5053
DA:75,1
DA:76,100109
DA:77,619
DA:79,99490
DA:80,608
DA:82,98882
DA:83,1
DA:85,98881
DA:88,1
DA:89,10014
DA:90,10014
DA:91,4
DA:92,10010
DA:93,50050
DA:95,10010
DA:96,50050
DA:98,10010
DA:99,10010
DA:102,1
DA:103,1
DA:104,1
DA:105,1
DA:106,100
DA:107,100
DA:108,10000
DA:109,0
DA:110,0
DA:112,10000
DA:113,10000
DA:114,15
DA:116,9985
DA:117,5
DA:120,9980
DA:124,1
DA:125,100
DA:126,10000
DA:131,1
DA:132,1
DA:133,1
DA:134,1
DA:135,1
DA:137,1
DA:138,1
DA:139,1
DA:140,1
DA:141,1
DA:142,1
LF:85
LH:71
BRDA:31,1,0,1
BRDA:31,1,1,2
BRDA:51,2,0,0
BRDA:51,2,1,0
BRDA:66,3,0,10000
BRDA:66,3,1,0
BRDA:67,4,0,5053
BRDA:67,4,1,4947
BRDA:76,5,0,619
BRDA:76,5,1,99490
BRDA:76,6,0,100109
BRDA:76,6,1,99792
BRDA:79,7,0,608
BRDA:79,7,1,98882
BRDA:79,8,0,99490
BRDA:79,8,1,99183
BRDA:82,9,0,1
BRDA:82,9,1,98881
BRDA:90,10,0,4
BRDA:90,10,1,10010
BRDA:90,11,0,10014
BRDA:90,11,1,10013
BRDA:90,11,2,10012
BRDA:90,11,3,10011
BRDA:108,12,0,0
BRDA:108,12,1,10000
BRDA:113,13,0,15
BRDA:113,13,1,9985
BRDA:116,14,0,5
BRDA:116,14,1,9980
BRF:30
BRH:26
end_of_record
